<?xml version="1.0" encoding="UTF-8"?>
<!-- Generated by org.testng.reporters.JUnitReportReporter -->
<testsuite hostname="DESKTOP-E3SISK3" failures="0" tests="9" name="com.lineairecode.extent.STSauceLabsOptimised" time="28.580" errors="0" timestamp="2025-07-30T18:18:32 WAT" skipped="0">
  <testcase classname="com.lineairecode.extent.STSauceLabsOptimised" name="failedLoginTest" time="2.873"/>
  <testcase classname="com.lineairecode.extent.STSauceLabsOptimised" name="lockedOutUserTest" time="6.626"/>
  <testcase classname="com.lineairecode.extent.STSauceLabsOptimised" name="validLoginTest" time="2.770"/>
  <testcase classname="com.lineairecode.extent.STSauceLabsOptimised" name="addToCartTest" time="2.315"/>
  <testcase classname="com.lineairecode.extent.STSauceLabsOptimised" name="viewCartTest" time="2.480"/>
  <testcase classname="com.lineairecode.extent.STSauceLabsOptimised" name="removeFromCartTest" time="2.431"/>
  <testcase classname="com.lineairecode.extent.STSauceLabsOptimised" name="checkOutTest" time="3.363"/>
  <testcase classname="com.lineairecode.extent.STSauceLabsOptimised" name="filterProductsTest" time="2.693"/>
  <testcase classname="com.lineairecode.extent.STSauceLabsOptimised" name="logOutTest" time="3.029"/>
</testsuite> <!-- com.lineairecode.extent.STSauceLabsOptimised -->
